Analysis/BitCoin_After_GHash/README.md: no issues found
Analysis/CPI_PPI/README.md: no issues found
Analysis/Economic_Policy_Uncertainty/README.md: no issues found
Analysis/FedFund_FedInterest/README.md: no issues found
Analysis/The_New_Bubble/README.md
  107:135-107:142  warning  Link to unknown heading: `5`                                                                                                                                                                                                       missing-heading  remark-validate-links

Analysis/Treasuries_as_Assets/README.md: no issues found
Automobiles/README.md: no issues found
Bag_Tax/README.md: no issues found
BaltimorePolice/README.md
     33:83-33:112  warning  Link to unknown heading: `Action-Items`. Did you mean `action-items`                                                                                                                                                               missing-heading  remark-validate-links
    213:51-213:72  warning  Link to unknown heading: `Appendix`. Did you mean `appendix`                                                                                                                                                                       missing-heading  remark-validate-links
    273:69-273:90  warning  Link to unknown heading: `Appendix`. Did you mean `appendix`                                                                                                                                                                       missing-heading  remark-validate-links
    362:43-362:72  warning  Link to unknown heading: `Action-Items`. Did you mean `action-items`                                                                                                                                                               missing-heading  remark-validate-links
    479:65-479:92  warning  Link to unknown heading: `Methodology`. Did you mean `methodology`                                                                                                                                                                 missing-heading  remark-validate-links
    537:10-537:31  warning  Link to unknown heading: `Appendix`. Did you mean `appendix`                                                                                                                                                                       missing-heading  remark-validate-links
    583:47-583:95  warning  Link to unknown heading: `What-Was-the-Nature-of-These-Homicides?`                                                                                                                                                                 missing-heading  remark-validate-links

CBI_CPI/README.md: no issues found
CT_Fire/README.md
   508:78-508:103  warning  Link to unknown heading: `Validation`. Did you mean `validation`                                                                                                                                                                   missing-heading  remark-validate-links

ChartLabIntro/README.md: no issues found
Chart_of_the_Day/Austin_Power/README.md: no issues found
Chart_of_the_Day/CDC_TOP25/README.md: no issues found
Chart_of_the_Day/Credit_Delinquency/README.md: no issues found
Chart_of_the_Day/EU_Debt_percap/README.md: no issues found
Chart_of_the_Day/Food_Insecurity/README.md: no issues found
Chart_of_the_Day/Hawaii_GDP/README.md: no issues found
Chart_of_the_Day/IA_Dropouts/README.md: no issues found
Chart_of_the_Day/International_Students/README.md: no issues found
Chart_of_the_Day/LA_Lights/README.md: no issues found
Chart_of_the_Day/NY_Jobs/README.md: no issues found
Chart_of_the_Day/SFO_Complaints/README.md: no issues found
Chart_of_the_Day/Seattle_Complaints/README.md: no issues found
Chart_of_the_Day/Student_Loan/README.md: no issues found
Chart_of_the_Day/WA_Water/README.md: no issues found
Chart_of_the_Day/facebook/README.md: no issues found
Chart_of_the_Day/hetzner-outage/README.md: no issues found
Chart_of_the_Day/libor/README.md: no issues found
Chart_of_the_Day/life-expectancy/README.md: no issues found
Chart_of_the_Day/overnight-fund-rate/README.md: no issues found
Chart_of_the_Day/profit-margin/README.md: no issues found
Chart_of_the_Day/tech-import-export/README.md: no issues found
Chart_of_the_Day/unemployment/README.md
   110:79-110:137  warning  Link to unknown heading: `the-relationship-between-gdp-and-full-employment`. Did you mean `the-relationship-between-gdp-and-unemployment`                                                                                          missing-heading  remark-validate-links

Chart_of_the_Day/us-inflation/README.md: no issues found
Chart_of_the_Day/voter-turnout/README.md: no issues found
Chart_of_the_Day/world-progress-explorer/README.md: no issues found
ChicagoCrime/README.md: no issues found
ClimateChange/README.md: no issues found
ConsumerFinance/README.md: no issues found
DataShorts/Austin_Housing_Market/README.md
     19:57-19:124  warning  Link to unknown heading: `Transportation-Statistics`. Did you mean `transportation-statistics`                                                                                                                                     missing-heading  remark-validate-links
     20:57-20:114  warning  Link to unknown heading: `Home-Cost-Statistics`. Did you mean `home-cost-statistics`                                                                                                                                               missing-heading  remark-validate-links
     21:51-21:108  warning  Link to unknown heading: `Home-Cost-Statistics`. Did you mean `home-cost-statistics`                                                                                                                                               missing-heading  remark-validate-links
     22:78-22:143  warning  Link to unknown heading: `Socioeconomic-Statistics`. Did you mean `socioeconomic-statistics`                                                                                                                                       missing-heading  remark-validate-links
     23:71-23:136  warning  Link to unknown heading: `Socioeconomic-Statistics`. Did you mean `socioeconomic-statistics`                                                                                                                                       missing-heading  remark-validate-links
      24:33-24:90  warning  Link to unknown heading: `Home-Cost-Statistics`. Did you mean `home-cost-statistics`                                                                                                                                               missing-heading  remark-validate-links
     25:39-25:104  warning  Link to unknown heading: `Socioeconomic-Statistics`. Did you mean `socioeconomic-statistics`                                                                                                                                       missing-heading  remark-validate-links
      26:32-26:89  warning  Link to unknown heading: `Home-Cost-Statistics`. Did you mean `home-cost-statistics`                                                                                                                                               missing-heading  remark-validate-links
     27:59-27:124  warning  Link to unknown heading: `Accessibility-Statistics`. Did you mean `accessibility-statistics`                                                                                                                                       missing-heading  remark-validate-links
     28:74-28:139  warning  Link to unknown heading: `Accessibility-Statistics`. Did you mean `accessibility-statistics`                                                                                                                                       missing-heading  remark-validate-links
     29:61-29:126  warning  Link to unknown heading: `Accessibility-Statistics`. Did you mean `accessibility-statistics`                                                                                                                                       missing-heading  remark-validate-links
     30:65-30:130  warning  Link to unknown heading: `Accessibility-Statistics`. Did you mean `accessibility-statistics`                                                                                                                                       missing-heading  remark-validate-links
     31:71-31:146  warning  Link to unknown heading: `Quality-of-Housing-Statistics`. Did you mean `quality-of-housing-statistics`                                                                                                                             missing-heading  remark-validate-links
     32:69-32:136  warning  Link to unknown heading: `Transportation-Statistics`. Did you mean `transportation-statistics`                                                                                                                                     missing-heading  remark-validate-links
     33:64-33:139  warning  Link to unknown heading: `Quality-of-Housing-Statistics`. Did you mean `quality-of-housing-statistics`                                                                                                                             missing-heading  remark-validate-links
     34:50-34:115  warning  Link to unknown heading: `Socioeconomic-Statistics`. Did you mean `socioeconomic-statistics`                                                                                                                                       missing-heading  remark-validate-links
     35:45-35:120  warning  Link to unknown heading: `Quality-of-Housing-Statistics`. Did you mean `quality-of-housing-statistics`                                                                                                                             missing-heading  remark-validate-links
     36:61-36:126  warning  Link to unknown heading: `Accessibility-Statistics`. Did you mean `accessibility-statistics`                                                                                                                                       missing-heading  remark-validate-links
     37:76-37:141  warning  Link to unknown heading: `Accessibility-Statistics`. Did you mean `accessibility-statistics`                                                                                                                                       missing-heading  remark-validate-links
     38:62-38:127  warning  Link to unknown heading: `Accessibility-Statistics`. Did you mean `accessibility-statistics`                                                                                                                                       missing-heading  remark-validate-links
     39:66-39:131  warning  Link to unknown heading: `Accessibility-Statistics`. Did you mean `accessibility-statistics`                                                                                                                                       missing-heading  remark-validate-links
     40:73-40:138  warning  Link to unknown heading: `Socioeconomic-Statistics`. Did you mean `socioeconomic-statistics`                                                                                                                                       missing-heading  remark-validate-links
     41:75-41:142  warning  Link to unknown heading: `Transportation-Statistics`. Did you mean `transportation-statistics`                                                                                                                                     missing-heading  remark-validate-links
      42:32-42:97  warning  Link to unknown heading: `Socioeconomic-Statistics`. Did you mean `socioeconomic-statistics`                                                                                                                                       missing-heading  remark-validate-links
      61:15-61:30  warning  Link to unknown heading: `Index`. Did you mean `index`                                                                                                                                                                             missing-heading  remark-validate-links
      79:15-79:30  warning  Link to unknown heading: `Index`. Did you mean `index`                                                                                                                                                                             missing-heading  remark-validate-links
    100:15-100:30  warning  Link to unknown heading: `Index`. Did you mean `index`                                                                                                                                                                             missing-heading  remark-validate-links
    139:15-139:30  warning  Link to unknown heading: `Index`. Did you mean `index`                                                                                                                                                                             missing-heading  remark-validate-links
    159:15-159:30  warning  Link to unknown heading: `Index`. Did you mean `index`                                                                                                                                                                             missing-heading  remark-validate-links

DataShorts/Baltimore_MD_Employment/README.md: no issues found
DataShorts/CBI/Asset_Distribution/README.md: no issues found
DataShorts/CBI/Debt/README.md: no issues found
DataShorts/CT_Prison/README.md: no issues found
DataShorts/Dollar-EX/README.md: no issues found
DataShorts/EU_Debt/README.md: no issues found
DataShorts/EU_Debt_percap/README.md: no issues found
DataShorts/EU_Migration/README.md: no issues found
DataShorts/Hong_Kong_Business/README.md
      17:3-17:153  warning  Link to unknown heading: `businesses-representing-parent-companies-outside-of-hong-kong,-sorted-by-country-(1996-2016)`. Did you mean `businesses-representing-parent-companies-outside-of-hong-kong-sorted-by-country-1996-2016`  missing-heading  remark-validate-links
      18:3-18:141  warning  Link to unknown heading: `foreign-businesses-with-a-local-branch-in-hong-kong,-sorted-by-country-(2001-2016)`. Did you mean `foreign-businesses-with-a-local-branch-in-hong-kong-sorted-by-country-2001-2016`                      missing-heading  remark-validate-links
      19:3-19:147  warning  Link to unknown heading: `foreign-businesses-with-a-regional-branch-in-hong-kong,-sorted-by-country-(1991-2016)`. Did you mean `foreign-businesses-with-a-regional-branch-in-hong-kong-sorted-by-country-1991-2016`                missing-heading  remark-validate-links
     737:3-737:34  warning  Link to unknown heading: `australia-(local)`. Did you mean `australia-local`                                                                                                                                                       missing-heading  remark-validate-links
     738:3-738:29  warning  Link to unknown heading: `cananda-(local)`. Did you mean `canada-local`                                                                                                                                                            missing-heading  remark-validate-links
     739:3-739:26  warning  Link to unknown heading: `china-(local)`. Did you mean `china-local`                                                                                                                                                               missing-heading  remark-validate-links
     740:3-740:28  warning  Link to unknown heading: `france-(local)`. Did you mean `france-local`                                                                                                                                                             missing-heading  remark-validate-links
     741:3-741:30  warning  Link to unknown heading: `germany-(local)`. Did you mean `germany-local`                                                                                                                                                           missing-heading  remark-validate-links
     742:3-742:26  warning  Link to unknown heading: `italy-(local)`. Did you mean `italy-local`                                                                                                                                                               missing-heading  remark-validate-links
     743:3-743:26  warning  Link to unknown heading: `japan-(local)`. Did you mean `japan-local`                                                                                                                                                               missing-heading  remark-validate-links
     744:3-744:38  warning  Link to unknown heading: `netherlands-(local)`. Did you mean `netherlands-local`                                                                                                                                                   missing-heading  remark-validate-links
     745:3-745:34  warning  Link to unknown heading: `singapore-(local)`. Did you mean `singapore-local`                                                                                                                                                       missing-heading  remark-validate-links
     746:3-746:28  warning  Link to unknown heading: `sweden-(local)`                                                                                                                                                                                          missing-heading  remark-validate-links
     747:3-747:38  warning  Link to unknown heading: `switzerland-(local)`. Did you mean `switzerland-local`                                                                                                                                                   missing-heading  remark-validate-links
     748:3-748:28  warning  Link to unknown heading: `taiwan-(local)`. Did you mean `taiwan-local`                                                                                                                                                             missing-heading  remark-validate-links
     749:3-749:44  warning  Link to unknown heading: `united-kingdom-(local)`. Did you mean `united-kingdom-local`                                                                                                                                             missing-heading  remark-validate-links
     750:3-750:32  warning  Link to unknown heading: `usa-(local)`                                                                                                                                                                                             missing-heading  remark-validate-links
    784:15-784:54  warning  Link to unknown heading: `country-index-(local)`. Did you mean `country-index-local`                                                                                                                                               missing-heading  remark-validate-links
    814:15-814:54  warning  Link to unknown heading: `country-index-(local)`. Did you mean `country-index-local`                                                                                                                                               missing-heading  remark-validate-links
    844:15-844:54  warning  Link to unknown heading: `country-index-(local)`. Did you mean `country-index-local`                                                                                                                                               missing-heading  remark-validate-links
    874:15-874:54  warning  Link to unknown heading: `country-index-(local)`. Did you mean `country-index-local`                                                                                                                                               missing-heading  remark-validate-links
    904:15-904:54  warning  Link to unknown heading: `country-index-(local)`. Did you mean `country-index-local`                                                                                                                                               missing-heading  remark-validate-links
    934:15-934:54  warning  Link to unknown heading: `country-index-(local)`. Did you mean `country-index-local`                                                                                                                                               missing-heading  remark-validate-links
    964:15-964:54  warning  Link to unknown heading: `country-index-(local)`. Did you mean `country-index-local`                                                                                                                                               missing-heading  remark-validate-links
    994:15-994:54  warning  Link to unknown heading: `country-index-(local)`. Did you mean `country-index-local`                                                                                                                                               missing-heading  remark-validate-links
  1024:15-1024:54  warning  Link to unknown heading: `country-index-(local)`. Did you mean `country-index-local`                                                                                                                                               missing-heading  remark-validate-links
  1054:15-1054:54  warning  Link to unknown heading: `country-index-(local)`. Did you mean `country-index-local`                                                                                                                                               missing-heading  remark-validate-links
  1084:15-1084:54  warning  Link to unknown heading: `country-index-(local)`. Did you mean `country-index-local`                                                                                                                                               missing-heading  remark-validate-links
  1114:15-1114:54  warning  Link to unknown heading: `country-index-(local)`. Did you mean `country-index-local`                                                                                                                                               missing-heading  remark-validate-links
  1144:15-1144:54  warning  Link to unknown heading: `country-index-(local)`. Did you mean `country-index-local`                                                                                                                                               missing-heading  remark-validate-links
   1194:3-1194:37  warning  Link to unknown heading: `australia-(regional)`. Did you mean `australia-regional`                                                                                                                                                 missing-heading  remark-validate-links
   1195:3-1195:31  warning  Link to unknown heading: `canada-(regional)`. Did you mean `canada-regional`                                                                                                                                                       missing-heading  remark-validate-links
   1196:3-1196:29  warning  Link to unknown heading: `china-(regional)`. Did you mean `china-regional`                                                                                                                                                         missing-heading  remark-validate-links
   1197:3-1197:31  warning  Link to unknown heading: `france-(regional)`. Did you mean `france-regional`                                                                                                                                                       missing-heading  remark-validate-links
   1198:3-1198:33  warning  Link to unknown heading: `germany-(regional)`. Did you mean `germany-regional`                                                                                                                                                     missing-heading  remark-validate-links
   1199:3-1199:29  warning  Link to unknown heading: `italy-(regional)`. Did you mean `italy-regional`                                                                                                                                                         missing-heading  remark-validate-links
   1200:3-1200:29  warning  Link to unknown heading: `japan-(regional)`. Did you mean `japan-regional`                                                                                                                                                         missing-heading  remark-validate-links
   1201:3-1201:29  warning  Link to unknown heading: `korea-(regional)`. Did you mean `korea-regional`                                                                                                                                                         missing-heading  remark-validate-links
   1202:3-1202:41  warning  Link to unknown heading: `netherlands-(regional)`. Did you mean `netherlands-regional`                                                                                                                                             missing-heading  remark-validate-links
   1203:3-1203:37  warning  Link to unknown heading: `singapore-(regional)`. Did you mean `singapore-regional`                                                                                                                                                 missing-heading  remark-validate-links
   1204:3-1204:31  warning  Link to unknown heading: `sweden-(regional)`. Did you mean `sweden-regional`                                                                                                                                                       missing-heading  remark-validate-links
   1205:3-1205:41  warning  Link to unknown heading: `switzerland-(regional)`. Did you mean `switzerland-regional`                                                                                                                                             missing-heading  remark-validate-links
   1206:3-1206:31  warning  Link to unknown heading: `taiwan-(regional)`. Did you mean `taiwan-regional`                                                                                                                                                       missing-heading  remark-validate-links
   1207:3-1207:47  warning  Link to unknown heading: `united-kingdom-(regional)`. Did you mean `united-kingdom-regional`                                                                                                                                       missing-heading  remark-validate-links
   1208:3-1208:45  warning  Link to unknown heading: `united-states-(regional)`. Did you mean `united-states-regional`                                                                                                                                         missing-heading  remark-validate-links
  1252:15-1252:57  warning  Link to unknown heading: `country-index-(regional)`. Did you mean `country-index-regional`                                                                                                                                         missing-heading  remark-validate-links
  1292:15-1292:57  warning  Link to unknown heading: `country-index-(regional)`. Did you mean `country-index-regional`                                                                                                                                         missing-heading  remark-validate-links
  1335:15-1335:57  warning  Link to unknown heading: `country-index-(regional)`. Did you mean `country-index-regional`                                                                                                                                         missing-heading  remark-validate-links
  1375:15-1375:57  warning  Link to unknown heading: `country-index-(regional)`. Did you mean `country-index-regional`                                                                                                                                         missing-heading  remark-validate-links
  1415:15-1415:57  warning  Link to unknown heading: `country-index-(regional)`. Did you mean `country-index-regional`                                                                                                                                         missing-heading  remark-validate-links
  1455:15-1455:57  warning  Link to unknown heading: `country-index-(regional)`. Did you mean `country-index-regional`                                                                                                                                         missing-heading  remark-validate-links
  1495:15-1495:57  warning  Link to unknown heading: `country-index-(regional)`. Did you mean `country-index-regional`                                                                                                                                         missing-heading  remark-validate-links
  1535:15-1535:57  warning  Link to unknown heading: `country-index-(regional)`. Did you mean `country-index-regional`                                                                                                                                         missing-heading  remark-validate-links
  1575:15-1575:57  warning  Link to unknown heading: `country-index-(regional)`. Did you mean `country-index-regional`                                                                                                                                         missing-heading  remark-validate-links
  1618:15-1618:57  warning  Link to unknown heading: `country-index-(regional)`. Did you mean `country-index-regional`                                                                                                                                         missing-heading  remark-validate-links
  1658:15-1658:57  warning  Link to unknown heading: `country-index-(regional)`. Did you mean `country-index-regional`                                                                                                                                         missing-heading  remark-validate-links
  1698:15-1698:57  warning  Link to unknown heading: `country-index-(regional)`. Did you mean `country-index-regional`                                                                                                                                         missing-heading  remark-validate-links
  1741:15-1741:57  warning  Link to unknown heading: `country-index-(regional)`. Did you mean `country-index-regional`                                                                                                                                         missing-heading  remark-validate-links
  1781:15-1781:57  warning  Link to unknown heading: `country-index-(regional)`. Did you mean `country-index-regional`                                                                                                                                         missing-heading  remark-validate-links
  1821:15-1821:57  warning  Link to unknown heading: `country-index-(regional)`. Did you mean `country-index-regional`                                                                                                                                         missing-heading  remark-validate-links

DataShorts/MD_Death/README.md: no issues found
DataShorts/NY_Insurance/README.md: no issues found
DataShorts/NY_Pay/README.md: no issues found
DataShorts/Taxes_By_State/README.md: no issues found
Expatriation/2017-1.md: no issues found
Expatriation/2017-2.md: no issues found
Expatriation/2017-3.md: no issues found
Expatriation/README.md: no issues found
FED_FORDSR/README.md: no issues found
FitnessIndex/README.md
      22:76-22:97  warning  Link to unknown heading: `Appendix`. Did you mean `appendix`                                                                                                                                                                       missing-heading  remark-validate-links
      61:64-61:85  warning  Link to unknown heading: `Appendix`. Did you mean `appendix`                                                                                                                                                                       missing-heading  remark-validate-links
      81:53-81:74  warning  Link to unknown heading: `Appendix`. Did you mean `appendix`                                                                                                                                                                       missing-heading  remark-validate-links
       91:6-91:27  warning  Link to unknown heading: `Appendix`. Did you mean `appendix`                                                                                                                                                                       missing-heading  remark-validate-links
    150:46-150:67  warning  Link to unknown heading: `Analysis`. Did you mean `analysis`                                                                                                                                                                       missing-heading  remark-validate-links
   196:79-196:100  warning  Link to unknown heading: `Appendix`. Did you mean `appendix`                                                                                                                                                                       missing-heading  remark-validate-links
    322:44-322:57  warning  Link to unknown heading: `Data`. Did you mean `data`                                                                                                                                                                               missing-heading  remark-validate-links
     337:1-337:14  warning  Link to unknown heading: `Data`. Did you mean `data`                                                                                                                                                                               missing-heading  remark-validate-links
    338:42-338:63  warning  Link to unknown heading: `Analysis`. Did you mean `analysis`                                                                                                                                                                       missing-heading  remark-validate-links
    423:32-423:45  warning  Link to unknown heading: `Data`. Did you mean `data`                                                                                                                                                                               missing-heading  remark-validate-links

HawaiiGasPrices/README.md: no issues found
IRSTaxFilings/README.md: no issues found
IRSTaxFilings_2018/README.md: no issues found
IllinoisBirthrates/README.md: no issues found
LA_Port/README.md: no issues found
L_Train2025/README.md: no issues found
NorwayCars/README.md: no issues found
Nuclear_Proliferation/README.md: no issues found
OrovilleDam/README.md: no issues found
README.md: no issues found
SF_Phone/README.md: no issues found
SocrataIowaCompensation/README.md: no issues found
SocrataPython/README.md: no issues found
Solutions/calculated-values/README.md: no issues found
Solutions/docker/README.md: no issues found
Solutions/monitoring/README.md: no issues found
Support/Add-Calculated-Value/README.md: no issues found
Support/Moving-Avg/README.md: no issues found
Support/Schema-Parser-Mod-Pre-Import/README.md: no issues found
UKAviation/README.md: no issues found
USInternationalTrade/README.md: no issues found
USInternationalTrade/resources/csv-parser-schema-explanation.md: no issues found
USMortality/README.md: no issues found
USMortality/city-list.md: no issues found
USMortality/configuration.md: no issues found
USMortality/region-table.md: no issues found
USVisa/README.md: no issues found
USVisaRefusal/README.md: no issues found
aging-america/README.md: no issues found
how-to/activemq/README.md: no issues found
how-to/aws/cloud-watch-alert/README.md: no issues found
how-to/aws/route53-email-notifications/README.md: no issues found
how-to/aws/route53-health-checks/README.md: no issues found
how-to/aws/route53-health-checks/connection-time-portal.md: no issues found
how-to/aws/route53-health-checks/uptime-report.md: no issues found
how-to/database/historize/README.md: no issues found
how-to/docker/README.md: no issues found
how-to/github/fork-notification.md: no issues found
how-to/github/issue-notification.md: no issues found
how-to/github/pr-notification.md: no issues found
how-to/github/pr-report.md
     544:3-544:43  warning  Link to unknown heading: `adding-subscribers`                                                                                                                                                                                      missing-heading  remark-validate-links

how-to/github/project-release-notification.md: no issues found
how-to/github/push-notification.md: no issues found
how-to/github/troubleshooting.md: no issues found
how-to/github/watch-notification.md: no issues found
how-to/itm/README.md: no issues found
how-to/itm/metric-list.md: no issues found
how-to/kafka/README.md: no issues found
how-to/kafka/brokers-monitoring/README.md: no issues found
how-to/kafka/consumers-monitoring/README.md: no issues found
how-to/marathon/capacity-and-usage/MANUAL-UPLOAD-README.md: no issues found
how-to/marathon/capacity-and-usage/README.md: no issues found
how-to/shared/import-csv-parser.md: no issues found
how-to/shared/import-entity-group.md: no issues found
how-to/shared/import-entity-view.md: no issues found
how-to/shared/import-entity.md: no issues found
how-to/shared/import-forecast.md: no issues found
how-to/shared/import-metric.md: no issues found
how-to/shared/import-portal.md: no issues found
how-to/shared/import-rule.md: no issues found
how-to/shared/import-scheduled-sql-query.md: no issues found
how-to/shared/import-tag-template.md: no issues found
how-to/shared/trends.md: no issues found
how-to/zookeeper/README.md: no issues found
python-budget/README.md: no issues found
workshop/WebGL.md: no issues found
workshop/lets-encrypt.md
       36:5-36:82  warning  Link to unknown heading: `www-uber-com-validated-by-custom-ca`                                                                                                                                                                     missing-heading  remark-validate-links
       38:5-38:62  warning  Link to unknown heading: `openssl-s-connect-utility`. Did you mean `openssl-s_client-utility`                                                                                                                                      missing-heading  remark-validate-links
   1266:5-1266:38  warning  Link to unknown heading: `root-ca-installation`                                                                                                                                                                                    missing-heading  remark-validate-links

workshop/technical-writing.md: no issues found

[⚠ 113 warnings
